09:01:28 **** Incremental Build of configuration Debug for project lr3 ****
make -j8 all 
arm-none-eabi-size   lr3.elf 
   text	   data	    bss	    dec	    hex	filename
  12080	     20	   1636	  13736	   35a8	lr3.elf
Finished building: default.size.stdout
 
09:01:34 **** Incremental Build of configuration Debug for project lr3 ****
make -j8 all 
arm-none-eabi-size   lr3.elf 
   text	   data	    bss	    dec	    hex	filename
  12080	     20	   1636	  13736	   35a8	lr3.elf
Finished building: default.size.stdout
 
09:08:44 **** Incremental Build of configuration Debug for project lr3 ****
make -j8 all 
arm-none-eabi-gcc "../Core/Src/main.c" -mcpu=cortex-m4 -std=gnu11 -g3 -DDEBUG -DUSE_HAL_DRIVER -DSTM32F446xx -c -I../Core/Inc -I../Drivers/STM32F4xx_HAL_Driver/Inc -I../Drivers/STM32F4xx_HAL_Driver/Inc/Legacy -I../Drivers/CMSIS/Device/ST/STM32F4xx/Include -I../Drivers/CMSIS/Include -O0 -ffunction-sections -fdata-sections -Wall -fstack-usage -MMD -MP -MF"Core/Src/main.d" -MT"Core/Src/main.o" --specs=nano.specs -mfpu=fpv4-sp-d16 -mfloat-abi=hard -mthumb -o "Core/Src/main.o"
arm-none-eabi-gcc -o "lr3.elf" @"objects.list"   -mcpu=cortex-m4 -T"C:\Users\mehaniklo\Documents\Digital and microcontroller technology\Lab2\lr2\STM32F446RETX_FLASH.ld" --specs=nosys.specs -Wl,-Map="lr3.map" -Wl,--gc-sections -static --specs=nano.specs -mfpu=fpv4-sp-d16 -mfloat-abi=hard -mthumb -Wl,--start-group -lc -lm -Wl,--end-group
Finished building target: lr3.elf
 
arm-none-eabi-objdump -h -S  lr3.elf  > "lr3.list"
arm-none-eabi-objcopy  -O binary  lr3.elf  "lr3.bin"
arm-none-eabi-size   lr3.elf 
   text	   data	    bss	    dec	    hex	filename
  12456	     20	   1652	  14128	   3730	lr3.elf
Finished building: default.size.stdout
 
Finished building: lr3.bin
 
Finished building: lr3.list
 
09:25:26 **** Incremental Build of configuration Debug for project lr3 ****
make -j8 all 
arm-none-eabi-gcc "../Core/Src/main.c" -mcpu=cortex-m4 -std=gnu11 -g3 -DDEBUG -DUSE_HAL_DRIVER -DSTM32F446xx -c -I../Core/Inc -I../Drivers/STM32F4xx_HAL_Driver/Inc -I../Drivers/STM32F4xx_HAL_Driver/Inc/Legacy -I../Drivers/CMSIS/Device/ST/STM32F4xx/Include -I../Drivers/CMSIS/Include -O0 -ffunction-sections -fdata-sections -Wall -fstack-usage -MMD -MP -MF"Core/Src/main.d" -MT"Core/Src/main.o" --specs=nano.specs -mfpu=fpv4-sp-d16 -mfloat-abi=hard -mthumb -o "Core/Src/main.o"
arm-none-eabi-gcc -o "lr3.elf" @"objects.list"   -mcpu=cortex-m4 -T"C:\Users\mehaniklo\Documents\Digital and microcontroller technology\Lab2\lr2\STM32F446RETX_FLASH.ld" --specs=nosys.specs -Wl,-Map="lr3.map" -Wl,--gc-sections -static --specs=nano.specs -mfpu=fpv4-sp-d16 -mfloat-abi=hard -mthumb -Wl,--start-group -lc -lm -Wl,--end-group
Finished building target: lr3.elf
 
arm-none-eabi-objdump -h -S  lr3.elf  > "lr3.list"
arm-none-eabi-objcopy  -O binary  lr3.elf  "lr3.bin"
arm-none-eabi-size   lr3.elf 
   text	   data	    bss	    dec	    hex	filename
  12468	     20	   1652	  14140	   373c	lr3.elf
Finished building: default.size.stdout
 
Finished building: lr3.bin
 
Finished building: lr3.list
 
09:26:58 **** Incremental Build of configuration Debug for project lr3 ****
make -j8 all 
arm-none-eabi-size   lr3.elf 
   text	   data	    bss	    dec	    hex	filename
  12468	     20	   1652	  14140	   373c	lr3.elf
Finished building: default.size.stdout
 
09:27:38 **** Incremental Build of configuration Debug for project lr3 ****
make -j8 all 
arm-none-eabi-gcc "../Core/Src/main.c" -mcpu=cortex-m4 -std=gnu11 -g3 -DDEBUG -DUSE_HAL_DRIVER -DSTM32F446xx -c -I../Core/Inc -I../Drivers/STM32F4xx_HAL_Driver/Inc -I../Drivers/STM32F4xx_HAL_Driver/Inc/Legacy -I../Drivers/CMSIS/Device/ST/STM32F4xx/Include -I../Drivers/CMSIS/Include -O0 -ffunction-sections -fdata-sections -Wall -fstack-usage -MMD -MP -MF"Core/Src/main.d" -MT"Core/Src/main.o" --specs=nano.specs -mfpu=fpv4-sp-d16 -mfloat-abi=hard -mthumb -o "Core/Src/main.o"
arm-none-eabi-gcc -o "lr3.elf" @"objects.list"   -mcpu=cortex-m4 -T"C:\Users\mehaniklo\Documents\Digital and microcontroller technology\Lab2\lr2\STM32F446RETX_FLASH.ld" --specs=nosys.specs -Wl,-Map="lr3.map" -Wl,--gc-sections -static --specs=nano.specs -mfpu=fpv4-sp-d16 -mfloat-abi=hard -mthumb -Wl,--start-group -lc -lm -Wl,--end-group
Finished building target: lr3.elf
 
arm-none-eabi-objdump -h -S  lr3.elf  > "lr3.list"
arm-none-eabi-objcopy  -O binary  lr3.elf  "lr3.bin"
arm-none-eabi-size   lr3.elf 
   text	   data	    bss	    dec	    hex	filename
  10736	     20	   1652	  12408	   3078	lr3.elf
Finished building: default.size.stdout
 
Finished building: lr3.bin
 
Finished building: lr3.list
 
09:28:52 **** Incremental Build of configuration Debug for project lr3 ****
make -j8 all 
arm-none-eabi-gcc "../Core/Src/main.c" -mcpu=cortex-m4 -std=gnu11 -g3 -DDEBUG -DUSE_HAL_DRIVER -DSTM32F446xx -c -I../Core/Inc -I../Drivers/STM32F4xx_HAL_Driver/Inc -I../Drivers/STM32F4xx_HAL_Driver/Inc/Legacy -I../Drivers/CMSIS/Device/ST/STM32F4xx/Include -I../Drivers/CMSIS/Include -O0 -ffunction-sections -fdata-sections -Wall -fstack-usage -MMD -MP -MF"Core/Src/main.d" -MT"Core/Src/main.o" --specs=nano.specs -mfpu=fpv4-sp-d16 -mfloat-abi=hard -mthumb -o "Core/Src/main.o"
arm-none-eabi-gcc -o "lr3.elf" @"objects.list"   -mcpu=cortex-m4 -T"C:\Users\mehaniklo\Documents\Digital and microcontroller technology\Lab2\lr2\STM32F446RETX_FLASH.ld" --specs=nosys.specs -Wl,-Map="lr3.map" -Wl,--gc-sections -static --specs=nano.specs -mfpu=fpv4-sp-d16 -mfloat-abi=hard -mthumb -Wl,--start-group -lc -lm -Wl,--end-group
Finished building target: lr3.elf
 
arm-none-eabi-objdump -h -S  lr3.elf  > "lr3.list"
arm-none-eabi-objcopy  -O binary  lr3.elf  "lr3.bin"
arm-none-eabi-size   lr3.elf 
   text	   data	    bss	    dec	    hex	filename
  10728	     20	   1652	  12400	   3070	lr3.elf
Finished building: default.size.stdout
 
Finished building: lr3.bin
Finished building: lr3.list
 
 
09:30:08 **** Incremental Build of configuration Debug for project lr3 ****
make -j8 all 
arm-none-eabi-size   lr3.elf 
   text	   data	    bss	    dec	    hex	filename
  10728	     20	   1652	  12400	   3070	lr3.elf
Finished building: default.size.stdout
 
09:38:46 **** Incremental Build of configuration Debug for project lr3 ****
make -j8 all 
arm-none-eabi-gcc "../Core/Src/main.c" -mcpu=cortex-m4 -std=gnu11 -g3 -DDEBUG -DUSE_HAL_DRIVER -DSTM32F446xx -c -I../Core/Inc -I../Drivers/STM32F4xx_HAL_Driver/Inc -I../Drivers/STM32F4xx_HAL_Driver/Inc/Legacy -I../Drivers/CMSIS/Device/ST/STM32F4xx/Include -I../Drivers/CMSIS/Include -O0 -ffunction-sections -fdata-sections -Wall -fstack-usage -MMD -MP -MF"Core/Src/main.d" -MT"Core/Src/main.o" --specs=nano.specs -mfpu=fpv4-sp-d16 -mfloat-abi=hard -mthumb -o "Core/Src/main.o"
arm-none-eabi-gcc -o "lr3.elf" @"objects.list"   -mcpu=cortex-m4 -T"C:\Users\mehaniklo\Documents\Digital and microcontroller technology\Lab2\lr2\STM32F446RETX_FLASH.ld" --specs=nosys.specs -Wl,-Map="lr3.map" -Wl,--gc-sections -static --specs=nano.specs -mfpu=fpv4-sp-d16 -mfloat-abi=hard -mthumb -Wl,--start-group -lc -lm -Wl,--end-group
Finished building target: lr3.elf
 
arm-none-eabi-objdump -h -S  lr3.elf  > "lr3.list"
arm-none-eabi-objcopy  -O binary  lr3.elf  "lr3.bin"
arm-none-eabi-size   lr3.elf 
   text	   data	    bss	    dec	    hex	filename
  10728	     20	   1652	  12400	   3070	lr3.elf
Finished building: default.size.stdout
 
Finished building: lr3.bin
 
Finished building: lr3.list
 
09:41:29 **** Incremental Build of configuration Debug for project lr3 ****
make -j8 all 
arm-none-eabi-gcc "../Core/Src/main.c" -mcpu=cortex-m4 -std=gnu11 -g3 -DDEBUG -DUSE_HAL_DRIVER -DSTM32F446xx -c -I../Core/Inc -I../Drivers/STM32F4xx_HAL_Driver/Inc -I../Drivers/STM32F4xx_HAL_Driver/Inc/Legacy -I../Drivers/CMSIS/Device/ST/STM32F4xx/Include -I../Drivers/CMSIS/Include -O0 -ffunction-sections -fdata-sections -Wall -fstack-usage -MMD -MP -MF"Core/Src/main.d" -MT"Core/Src/main.o" --specs=nano.specs -mfpu=fpv4-sp-d16 -mfloat-abi=hard -mthumb -o "Core/Src/main.o"
../Core/Src/main.c: In function 'HAL_UART_RxCpltCallback':
../Core/Src/main.c:475:19: error: 'rx_buffer' undeclared (first use in this function); did you mean 'rx_buff'?
  475 |        char sym = rx_buffer[i];
      |                   ^~~~~~~~~
      |                   rx_buff
../Core/Src/main.c:475:19: note: each undeclared identifier is reported only once for each function it appears in
../Core/Src/main.c:476:8: error: 'current_number' undeclared (first use in this function)
  476 |        current_number += sym;//) * pow(10, i%2);
      |        ^~~~~~~~~~~~~~
../Core/Src/main.c:478:6: error: 'changed_number' undeclared (first use in this function)
  478 |      changed_number = pow(e, current_number);
      |      ^~~~~~~~~~~~~~
../Core/Src/main.c:478:23: warning: implicit declaration of function 'pow' [-Wimplicit-function-declaration]
  478 |      changed_number = pow(e, current_number);
      |                       ^~~
../Core/Src/main.c:478:23: warning: incompatible implicit declaration of built-in function 'pow'
../Core/Src/main.c:22:1: note: include '<math.h>' or provide a declaration of 'pow'
   21 | #include "main.h"
  +++ |+#include <math.h>
   22 | 
../Core/Src/main.c:478:27: error: 'e' undeclared (first use in this function)
  478 |      changed_number = pow(e, current_number);
      |                           ^
../Core/Src/main.c:479:6: warning: implicit declaration of function 'sprintf' [-Wimplicit-function-declaration]
  479 |      sprintf(tx_buffer, "\r%d\n", changed_number);
      |      ^~~~~~~
../Core/Src/main.c:479:6: warning: incompatible implicit declaration of built-in function 'sprintf'
../Core/Src/main.c:22:1: note: include '<stdio.h>' or provide a declaration of 'sprintf'
   21 | #include "main.h"
  +++ |+#include <stdio.h>
   22 | 
../Core/Src/main.c:479:14: error: 'tx_buffer' undeclared (first use in this function); did you mean 'rx_buff'?
  479 |      sprintf(tx_buffer, "\r%d\n", changed_number);
      |              ^~~~~~~~~
      |              rx_buff
make: *** [Core/Src/subdir.mk:34: Core/Src/main.o] Error 1
"make -j8 all" terminated with exit code 2. Build might be incomplete.
09:44:08 **** Incremental Build of configuration Debug for project lr3 ****
make -j8 all 
arm-none-eabi-gcc "../Core/Src/main.c" -mcpu=cortex-m4 -std=gnu11 -g3 -DDEBUG -DUSE_HAL_DRIVER -DSTM32F446xx -c -I../Core/Inc -I../Drivers/STM32F4xx_HAL_Driver/Inc -I../Drivers/STM32F4xx_HAL_Driver/Inc/Legacy -I../Drivers/CMSIS/Device/ST/STM32F4xx/Include -I../Drivers/CMSIS/Include -O0 -ffunction-sections -fdata-sections -Wall -fstack-usage -MMD -MP -MF"Core/Src/main.d" -MT"Core/Src/main.o" --specs=nano.specs -mfpu=fpv4-sp-d16 -mfloat-abi=hard -mthumb -o "Core/Src/main.o"
../Core/Src/main.c:62:1: error: expected ',' or ';' before 'void'
   62 | void SystemClock_Config(void);
      | ^~~~
../Core/Src/main.c: In function 'main':
../Core/Src/main.c:274:25: warning: implicit declaration of function 'malloc' [-Wimplicit-function-declaration]
  274 |  rx_buffer = (uint8_t*) malloc(sizeof(uint8_t)*8);
      |                         ^~~~~~
../Core/Src/main.c:274:25: warning: incompatible implicit declaration of built-in function 'malloc'
../Core/Src/main.c:22:1: note: include '<stdlib.h>' or provide a declaration of 'malloc'
   21 | #include "main.h"
  +++ |+#include <stdlib.h>
   22 | 
../Core/Src/main.c:289:3: warning: implicit declaration of function 'SystemClock_Config'; did you mean 'SysTick_Config'? [-Wimplicit-function-declaration]
  289 |   SystemClock_Config();
      |   ^~~~~~~~~~~~~~~~~~
      |   SysTick_Config
../Core/Src/main.c: At top level:
../Core/Src/main.c:326:6: warning: conflicting types for 'SystemClock_Config'
  326 | void SystemClock_Config(void)
      |      ^~~~~~~~~~~~~~~~~~
../Core/Src/main.c:289:3: note: previous implicit declaration of 'SystemClock_Config' was here
  289 |   SystemClock_Config();
      |   ^~~~~~~~~~~~~~~~~~
../Core/Src/main.c: In function 'HAL_UART_RxCpltCallback':
../Core/Src/main.c:487:23: warning: implicit declaration of function 'pow' [-Wimplicit-function-declaration]
  487 |      changed_number = pow(e, current_number);
      |                       ^~~
../Core/Src/main.c:487:23: warning: incompatible implicit declaration of built-in function 'pow'
../Core/Src/main.c:22:1: note: include '<math.h>' or provide a declaration of 'pow'
   21 | #include "main.h"
  +++ |+#include <math.h>
   22 | 
../Core/Src/main.c:488:6: warning: implicit declaration of function 'sprintf' [-Wimplicit-function-declaration]
  488 |      sprintf(tx_buffer, "\r%d\n", changed_number);
      |      ^~~~~~~
../Core/Src/main.c:488:6: warning: incompatible implicit declaration of built-in function 'sprintf'
../Core/Src/main.c:22:1: note: include '<stdio.h>' or provide a declaration of 'sprintf'
   21 | #include "main.h"
  +++ |+#include <stdio.h>
   22 | 
../Core/Src/main.c:488:14: warning: pointer targets in passing argument 1 of 'sprintf' differ in signedness [-Wpointer-sign]
  488 |      sprintf(tx_buffer, "\r%d\n", changed_number);
      |              ^~~~~~~~~
      |              |
      |              uint8_t * {aka unsigned char *}
../Core/Src/main.c:488:14: note: expected 'char *' but argument is of type 'uint8_t *' {aka 'unsigned char *'}
make: *** [Core/Src/subdir.mk:34: Core/Src/main.o] Error 1
"make -j8 all" terminated with exit code 2. Build might be incomplete.
09:45:46 **** Incremental Build of configuration Debug for project lr3 ****
make -j8 all 
arm-none-eabi-gcc "../Core/Src/main.c" -mcpu=cortex-m4 -std=gnu11 -g3 -DDEBUG -DUSE_HAL_DRIVER -DSTM32F446xx -c -I../Core/Inc -I../Drivers/STM32F4xx_HAL_Driver/Inc -I../Drivers/STM32F4xx_HAL_Driver/Inc/Legacy -I../Drivers/CMSIS/Device/ST/STM32F4xx/Include -I../Drivers/CMSIS/Include -O0 -ffunction-sections -fdata-sections -Wall -fstack-usage -MMD -MP -MF"Core/Src/main.d" -MT"Core/Src/main.o" --specs=nano.specs -mfpu=fpv4-sp-d16 -mfloat-abi=hard -mthumb -o "Core/Src/main.o"
../Core/Src/main.c:228:23: error: unknown type name 'uint_8'; did you mean 'uint8_t'?
  228 | void show_4dig_number(uint_8 count){
      |                       ^~~~~~
      |                       uint8_t
../Core/Src/main.c: In function 'main':
../Core/Src/main.c:274:25: warning: implicit declaration of function 'malloc' [-Wimplicit-function-declaration]
  274 |  rx_buffer = (uint8_t*) malloc(sizeof(uint8_t)*8);
      |                         ^~~~~~
../Core/Src/main.c:274:25: warning: incompatible implicit declaration of built-in function 'malloc'
../Core/Src/main.c:22:1: note: include '<stdlib.h>' or provide a declaration of 'malloc'
   21 | #include "main.h"
  +++ |+#include <stdlib.h>
   22 | 
../Core/Src/main.c:307:4: warning: implicit declaration of function 'show_4dig_number' [-Wimplicit-function-declaration]
  307 |    show_4dig_number(changed_number);
      |    ^~~~~~~~~~~~~~~~
../Core/Src/main.c:309:4: warning: implicit declaration of function 'free' [-Wimplicit-function-declaration]
  309 |    free(rx_buffer);
      |    ^~~~
../Core/Src/main.c:309:4: warning: incompatible implicit declaration of built-in function 'free'
../Core/Src/main.c:309:4: note: include '<stdlib.h>' or provide a declaration of 'free'
../Core/Src/main.c: In function 'HAL_UART_RxCpltCallback':
../Core/Src/main.c:488:23: warning: implicit declaration of function 'pow' [-Wimplicit-function-declaration]
  488 |      changed_number = pow(e, current_number);
      |                       ^~~
../Core/Src/main.c:488:23: warning: incompatible implicit declaration of built-in function 'pow'
../Core/Src/main.c:22:1: note: include '<math.h>' or provide a declaration of 'pow'
   21 | #include "main.h"
  +++ |+#include <math.h>
   22 | 
../Core/Src/main.c:489:6: warning: implicit declaration of function 'sprintf' [-Wimplicit-function-declaration]
  489 |      sprintf(tx_buffer, "\r%d\n", changed_number);
      |      ^~~~~~~
../Core/Src/main.c:489:6: warning: incompatible implicit declaration of built-in function 'sprintf'
../Core/Src/main.c:22:1: note: include '<stdio.h>' or provide a declaration of 'sprintf'
   21 | #include "main.h"
  +++ |+#include <stdio.h>
   22 | 
../Core/Src/main.c:489:14: warning: pointer targets in passing argument 1 of 'sprintf' differ in signedness [-Wpointer-sign]
  489 |      sprintf(tx_buffer, "\r%d\n", changed_number);
      |              ^~~~~~~~~
      |              |
      |              uint8_t * {aka unsigned char *}
../Core/Src/main.c:489:14: note: expected 'char *' but argument is of type 'uint8_t *' {aka 'unsigned char *'}
make: *** [Core/Src/subdir.mk:34: Core/Src/main.o] Error 1
"make -j8 all" terminated with exit code 2. Build might be incomplete.
09:46:07 **** Incremental Build of configuration Debug for project lr3 ****
make -j8 all 
arm-none-eabi-gcc "../Core/Src/main.c" -mcpu=cortex-m4 -std=gnu11 -g3 -DDEBUG -DUSE_HAL_DRIVER -DSTM32F446xx -c -I../Core/Inc -I../Drivers/STM32F4xx_HAL_Driver/Inc -I../Drivers/STM32F4xx_HAL_Driver/Inc/Legacy -I../Drivers/CMSIS/Device/ST/STM32F4xx/Include -I../Drivers/CMSIS/Include -O0 -ffunction-sections -fdata-sections -Wall -fstack-usage -MMD -MP -MF"Core/Src/main.d" -MT"Core/Src/main.o" --specs=nano.specs -mfpu=fpv4-sp-d16 -mfloat-abi=hard -mthumb -o "Core/Src/main.o"
../Core/Src/main.c: In function 'main':
../Core/Src/main.c:274:25: warning: implicit declaration of function 'malloc' [-Wimplicit-function-declaration]
  274 |  rx_buffer = (uint8_t*) malloc(sizeof(uint8_t)*8);
      |                         ^~~~~~
../Core/Src/main.c:274:25: warning: incompatible implicit declaration of built-in function 'malloc'
../Core/Src/main.c:22:1: note: include '<stdlib.h>' or provide a declaration of 'malloc'
   21 | #include "main.h"
  +++ |+#include <stdlib.h>
   22 | 
../Core/Src/main.c:309:4: warning: implicit declaration of function 'free' [-Wimplicit-function-declaration]
  309 |    free(rx_buffer);
      |    ^~~~
../Core/Src/main.c:309:4: warning: incompatible implicit declaration of built-in function 'free'
../Core/Src/main.c:309:4: note: include '<stdlib.h>' or provide a declaration of 'free'
../Core/Src/main.c: In function 'HAL_UART_RxCpltCallback':
../Core/Src/main.c:488:23: warning: implicit declaration of function 'pow' [-Wimplicit-function-declaration]
  488 |      changed_number = pow(e, current_number);
      |                       ^~~
../Core/Src/main.c:488:23: warning: incompatible implicit declaration of built-in function 'pow'
../Core/Src/main.c:22:1: note: include '<math.h>' or provide a declaration of 'pow'
   21 | #include "main.h"
  +++ |+#include <math.h>
   22 | 
../Core/Src/main.c:489:6: warning: implicit declaration of function 'sprintf' [-Wimplicit-function-declaration]
  489 |      sprintf(tx_buffer, "\r%d\n", changed_number);
      |      ^~~~~~~
../Core/Src/main.c:489:6: warning: incompatible implicit declaration of built-in function 'sprintf'
../Core/Src/main.c:22:1: note: include '<stdio.h>' or provide a declaration of 'sprintf'
   21 | #include "main.h"
  +++ |+#include <stdio.h>
   22 | 
../Core/Src/main.c:489:14: warning: pointer targets in passing argument 1 of 'sprintf' differ in signedness [-Wpointer-sign]
  489 |      sprintf(tx_buffer, "\r%d\n", changed_number);
      |              ^~~~~~~~~
      |              |
      |              uint8_t * {aka unsigned char *}
../Core/Src/main.c:489:14: note: expected 'char *' but argument is of type 'uint8_t *' {aka 'unsigned char *'}
arm-none-eabi-gcc -o "lr3.elf" @"objects.list"   -mcpu=cortex-m4 -T"C:\Users\mehaniklo\Documents\Digital and microcontroller technology\Lab2\lr2\STM32F446RETX_FLASH.ld" --specs=nosys.specs -Wl,-Map="lr3.map" -Wl,--gc-sections -static --specs=nano.specs -mfpu=fpv4-sp-d16 -mfloat-abi=hard -mthumb -Wl,--start-group -lc -lm -Wl,--end-group
Finished building target: lr3.elf
 
arm-none-eabi-objdump -h -S  lr3.elf  > "lr3.list"
arm-none-eabi-objcopy  -O binary  lr3.elf  "lr3.bin"
arm-none-eabi-size   lr3.elf 
   text	   data	    bss	    dec	    hex	filename
  21536	    124	   1676	  23336	   5b28	lr3.elf
Finished building: default.size.stdout
 
Finished building: lr3.bin
 
Finished building: lr3.list
 
09:48:01 **** Incremental Build of configuration Debug for project lr3 ****
make -j8 all 
arm-none-eabi-size   lr3.elf 
   text	   data	    bss	    dec	    hex	filename
  21536	    124	   1676	  23336	   5b28	lr3.elf
Finished building: default.size.stdout
 
09:58:21 **** Incremental Build of configuration Debug for project lr3 ****
make -j8 all 
arm-none-eabi-gcc "../Core/Src/main.c" -mcpu=cortex-m4 -std=gnu11 -g3 -DDEBUG -DUSE_HAL_DRIVER -DSTM32F446xx -c -I../Core/Inc -I../Drivers/STM32F4xx_HAL_Driver/Inc -I../Drivers/STM32F4xx_HAL_Driver/Inc/Legacy -I../Drivers/CMSIS/Device/ST/STM32F4xx/Include -I../Drivers/CMSIS/Include -O0 -ffunction-sections -fdata-sections -Wall -fstack-usage -MMD -MP -MF"Core/Src/main.d" -MT"Core/Src/main.o" --specs=nano.specs -mfpu=fpv4-sp-d16 -mfloat-abi=hard -mthumb -o "Core/Src/main.o"
../Core/Src/main.c: In function 'main':
../Core/Src/main.c:274:25: warning: implicit declaration of function 'malloc' [-Wimplicit-function-declaration]
  274 |  rx_buffer = (uint8_t*) malloc(sizeof(uint8_t)*8);
      |                         ^~~~~~
../Core/Src/main.c:274:25: warning: incompatible implicit declaration of built-in function 'malloc'
../Core/Src/main.c:22:1: note: include '<stdlib.h>' or provide a declaration of 'malloc'
   21 | #include "main.h"
  +++ |+#include <stdlib.h>
   22 | 
../Core/Src/main.c:309:4: warning: implicit declaration of function 'free' [-Wimplicit-function-declaration]
  309 |    free(rx_buffer);
      |    ^~~~
../Core/Src/main.c:309:4: warning: incompatible implicit declaration of built-in function 'free'
../Core/Src/main.c:309:4: note: include '<stdlib.h>' or provide a declaration of 'free'
../Core/Src/main.c: In function 'HAL_UART_RxCpltCallback':
../Core/Src/main.c:476:43: error: 'trans_string' undeclared (first use in this function)
  476 |  HAL_UART_Transmit_IT(&huart2, (uint8_t*) trans_string, sizeof(trans_string));
      |                                           ^~~~~~~~~~~~
../Core/Src/main.c:476:43: note: each undeclared identifier is reported only once for each function it appears in
../Core/Src/main.c:479:30: error: 'rx_buff' undeclared (first use in this function); did you mean 'rx_buffer'?
  479 |  HAL_UART_Receive_IT(&huart2,rx_buff,sizeof(rx_buff));
      |                              ^~~~~~~
      |                              rx_buffer
At top level:
../Core/Src/main.c:57:20: warning: 'e' defined but not used [-Wunused-const-variable=]
   57 | static const float e = 2.71828;
      |                    ^
../Core/Src/main.c:55:16: warning: 'current_number' defined but not used [-Wunused-variable]
   55 | static uint8_t current_number = 0;
      |                ^~~~~~~~~~~~~~
make: *** [Core/Src/subdir.mk:34: Core/Src/main.o] Error 1
"make -j8 all" terminated with exit code 2. Build might be incomplete.
10:21:49 **** Incremental Build of configuration Debug for project lr3 ****
make -j8 all 
arm-none-eabi-gcc "../Core/Src/main.c" -mcpu=cortex-m4 -std=gnu11 -g3 -DDEBUG -DUSE_HAL_DRIVER -DSTM32F446xx -c -I../Core/Inc -I../Drivers/STM32F4xx_HAL_Driver/Inc -I../Drivers/STM32F4xx_HAL_Driver/Inc/Legacy -I../Drivers/CMSIS/Device/ST/STM32F4xx/Include -I../Drivers/CMSIS/Include -O0 -ffunction-sections -fdata-sections -Wall -fstack-usage -MMD -MP -MF"Core/Src/main.d" -MT"Core/Src/main.o" --specs=nano.specs -mfpu=fpv4-sp-d16 -mfloat-abi=hard -mthumb -o "Core/Src/main.o"
arm-none-eabi-gcc -o "lr3.elf" @"objects.list"   -mcpu=cortex-m4 -T"C:\Users\mehaniklo\Documents\Digital and microcontroller technology\Lab2\lr2\STM32F446RETX_FLASH.ld" --specs=nosys.specs -Wl,-Map="lr3.map" -Wl,--gc-sections -static --specs=nano.specs -mfpu=fpv4-sp-d16 -mfloat-abi=hard -mthumb -Wl,--start-group -lc -lm -Wl,--end-group
Finished building target: lr3.elf
 
arm-none-eabi-objdump -h -S  lr3.elf  > "lr3.list"
arm-none-eabi-objcopy  -O binary  lr3.elf  "lr3.bin"
arm-none-eabi-size   lr3.elf 
   text	   data	    bss	    dec	    hex	filename
  10728	     20	   1652	  12400	   3070	lr3.elf
Finished building: default.size.stdout
 
Finished building: lr3.bin
 
Finished building: lr3.list
 
10:22:18 **** Incremental Build of configuration Debug for project lr3 ****
make -j8 all 
arm-none-eabi-size   lr3.elf 
   text	   data	    bss	    dec	    hex	filename
  10728	     20	   1652	  12400	   3070	lr3.elf
Finished building: default.size.stdout
 
10:22:20 **** Incremental Build of configuration Debug for project lr3 ****
make -j8 all 
arm-none-eabi-size   lr3.elf 
   text	   data	    bss	    dec	    hex	filename
  10728	     20	   1652	  12400	   3070	lr3.elf
Finished building: default.size.stdout
 
10:23:10 **** Incremental Build of configuration Debug for project lr3 ****
make -j8 all 
arm-none-eabi-gcc "../Core/Src/main.c" -mcpu=cortex-m4 -std=gnu11 -g3 -DDEBUG -DUSE_HAL_DRIVER -DSTM32F446xx -c -I../Core/Inc -I../Drivers/STM32F4xx_HAL_Driver/Inc -I../Drivers/STM32F4xx_HAL_Driver/Inc/Legacy -I../Drivers/CMSIS/Device/ST/STM32F4xx/Include -I../Drivers/CMSIS/Include -O0 -ffunction-sections -fdata-sections -Wall -fstack-usage -MMD -MP -MF"Core/Src/main.d" -MT"Core/Src/main.o" --specs=nano.specs -mfpu=fpv4-sp-d16 -mfloat-abi=hard -mthumb -o "Core/Src/main.o"
../Core/Src/main.c:495:2: error: expected identifier or '(' before '}' token
  495 | }}
      |  ^
make: *** [Core/Src/subdir.mk:34: Core/Src/main.o] Error 1
"make -j8 all" terminated with exit code 2. Build might be incomplete.
10:23:17 **** Incremental Build of configuration Debug for project lr3 ****
make -j8 all 
arm-none-eabi-gcc "../Core/Src/main.c" -mcpu=cortex-m4 -std=gnu11 -g3 -DDEBUG -DUSE_HAL_DRIVER -DSTM32F446xx -c -I../Core/Inc -I../Drivers/STM32F4xx_HAL_Driver/Inc -I../Drivers/STM32F4xx_HAL_Driver/Inc/Legacy -I../Drivers/CMSIS/Device/ST/STM32F4xx/Include -I../Drivers/CMSIS/Include -O0 -ffunction-sections -fdata-sections -Wall -fstack-usage -MMD -MP -MF"Core/Src/main.d" -MT"Core/Src/main.o" --specs=nano.specs -mfpu=fpv4-sp-d16 -mfloat-abi=hard -mthumb -o "Core/Src/main.o"
arm-none-eabi-gcc -o "lr3.elf" @"objects.list"   -mcpu=cortex-m4 -T"C:\Users\mehaniklo\Documents\Digital and microcontroller technology\Lab2\lr2\STM32F446RETX_FLASH.ld" --specs=nosys.specs -Wl,-Map="lr3.map" -Wl,--gc-sections -static --specs=nano.specs -mfpu=fpv4-sp-d16 -mfloat-abi=hard -mthumb -Wl,--start-group -lc -lm -Wl,--end-group
Finished building target: lr3.elf
 
arm-none-eabi-objdump -h -S  lr3.elf  > "lr3.list"
arm-none-eabi-objcopy  -O binary  lr3.elf  "lr3.bin"
arm-none-eabi-size   lr3.elf 
   text	   data	    bss	    dec	    hex	filename
  10728	     20	   1652	  12400	   3070	lr3.elf
Finished building: default.size.stdout
 
Finished building: lr3.bin
 
Finished building: lr3.list
 
10:49:14 **** Incremental Build of configuration Debug for project lr3 ****
make -j8 all 
arm-none-eabi-size   lr3.elf 
   text	   data	    bss	    dec	    hex	filename
  10728	     20	   1652	  12400	   3070	lr3.elf
Finished building: default.size.stdout
 
10:51:07 **** Incremental Build of configuration Debug for project lr3 ****
make -j8 all 
arm-none-eabi-gcc "../Core/Src/main.c" -mcpu=cortex-m4 -std=gnu11 -g3 -DDEBUG -DUSE_HAL_DRIVER -DSTM32F446xx -c -I../Core/Inc -I../Drivers/STM32F4xx_HAL_Driver/Inc -I../Drivers/STM32F4xx_HAL_Driver/Inc/Legacy -I../Drivers/CMSIS/Device/ST/STM32F4xx/Include -I../Drivers/CMSIS/Include -O0 -ffunction-sections -fdata-sections -Wall -fstack-usage -MMD -MP -MF"Core/Src/main.d" -MT"Core/Src/main.o" --specs=nano.specs -mfpu=fpv4-sp-d16 -mfloat-abi=hard -mthumb -o "Core/Src/main.o"
arm-none-eabi-gcc -o "lr3.elf" @"objects.list"   -mcpu=cortex-m4 -T"C:\Users\mehaniklo\Documents\Digital and microcontroller technology\Lab2\lr2\STM32F446RETX_FLASH.ld" --specs=nosys.specs -Wl,-Map="lr3.map" -Wl,--gc-sections -static --specs=nano.specs -mfpu=fpv4-sp-d16 -mfloat-abi=hard -mthumb -Wl,--start-group -lc -lm -Wl,--end-group
Finished building target: lr3.elf
 
arm-none-eabi-objdump -h -S  lr3.elf  > "lr3.list"
arm-none-eabi-objcopy  -O binary  lr3.elf  "lr3.bin"
arm-none-eabi-size   lr3.elf 
   text	   data	    bss	    dec	    hex	filename
  10728	     20	   1652	  12400	   3070	lr3.elf
Finished building: default.size.stdout
 
Finished building: lr3.bin
 
Finished building: lr3.list
 
10:51:21 **** Incremental Build of configuration Debug for project lr3 ****
make -j8 all 
arm-none-eabi-size   lr3.elf 
   text	   data	    bss	    dec	    hex	filename
  10728	     20	   1652	  12400	   3070	lr3.elf
Finished building: default.size.stdout
 
